<?xml version="1.0" encoding="UTF-8"?>
<!-- Generated by org.testng.reporters.JUnitReportReporter -->
<testsuite hostname="DESKTOP-86GGKSM" failures="0" tests="2" name="com.accurate.automationScripts.Accurate_TransferInvoiceAndCustomer" time="126.495" errors="0" timestamp="2025-06-05T17:07:31 IST" skipped="0">
  <testcase classname="com.accurate.automationScripts.Accurate_TransferInvoiceAndCustomer" name="login" time="15.764"/>
  <testcase classname="com.accurate.automationScripts.Accurate_TransferInvoiceAndCustomer" name="accuratePortalInvoiceTransfer" time="110.731"/>
</testsuite> <!-- com.accurate.automationScripts.Accurate_TransferInvoiceAndCustomer -->
