<?xml version="1.0" encoding="UTF-8"?>
<!-- Generated by org.testng.reporters.JUnitReportReporter -->
<testsuite hostname="DESKTOP-86GGKSM" failures="0" tests="2" name="com.accurate.automationScripts.Accurate_Transfer" time="186.683" errors="0" timestamp="2025-06-11T17:08:14 IST" skipped="0">
  <testcase classname="com.accurate.automationScripts.Accurate_Transfer" name="accuratePortalInvoiceTransfer" time="171.082"/>
  <testcase classname="com.accurate.automationScripts.Accurate_Transfer" name="login" time="15.601"/>
</testsuite> <!-- com.accurate.automationScripts.Accurate_Transfer -->
