<?xml version="1.0" encoding="UTF-8"?>
<!-- Generated by org.testng.reporters.JUnitReportReporter -->
<testsuite hostname="DESKTOP-86GGKSM" failures="0" tests="1" name="com.accurate.automationScripts.Accurate_TransferInvoiceAndCustomer" time="49.191" errors="0" timestamp="2025-05-23T17:06:44 IST" skipped="0">
  <testcase classname="com.accurate.automationScripts.Accurate_TransferInvoiceAndCustomer" name="accuratePortalInvoiceTransfer" time="49.191"/>
</testsuite> <!-- com.accurate.automationScripts.Accurate_TransferInvoiceAndCustomer -->
