<?xml version="1.0" encoding="UTF-8"?>
<!-- Generated by org.testng.reporters.JUnitReportReporter -->
<testsuite hostname="DESKTOP-86GGKSM" failures="0" tests="1" name="com.accurate.automationScripts.Accurate_TransferInvoiceAndCustomer" time="142.347" errors="0" timestamp="2025-05-08T17:09:36 IST" skipped="0">
  <testcase classname="com.accurate.automationScripts.Accurate_TransferInvoiceAndCustomer" name="accurateTransfers" time="142.347"/>
</testsuite> <!-- com.accurate.automationScripts.Accurate_TransferInvoiceAndCustomer -->
