<?xml version="1.0" encoding="UTF-8"?>
<!-- Generated by org.testng.reporters.JUnitReportReporter -->
<testsuite hostname="DESKTOP-86GGKSM" failures="0" tests="2" name="com.accurate.automationScripts.Accurate_Transfer" time="84.564" errors="0" timestamp="2025-06-13T17:07:26 IST" skipped="0">
  <testcase classname="com.accurate.automationScripts.Accurate_Transfer" name="login" time="24.214"/>
  <testcase classname="com.accurate.automationScripts.Accurate_Transfer" name="accuratePortalInvoiceTransfer" time="60.350"/>
</testsuite> <!-- com.accurate.automationScripts.Accurate_Transfer -->
