<?xml version="1.0" encoding="UTF-8"?>
<!-- Generated by org.testng.reporters.JUnitReportReporter -->
<testsuite hostname="DESKTOP-86GGKSM" failures="0" tests="1" name="com.accurate.automationScripts.Accurate_TransferInvoiceAndCustomer" time="15.641" errors="0" timestamp="2025-06-06T23:07:26 IST" skipped="0">
  <testcase classname="com.accurate.automationScripts.Accurate_TransferInvoiceAndCustomer" name="login" time="15.641"/>
</testsuite> <!-- com.accurate.automationScripts.Accurate_TransferInvoiceAndCustomer -->
